make all --print-data-base --no-builtin-variables --no-builtin-rules --question
# GNU Make 4.2.1
# Built for x86_64-pc-linux-gnu
# Copyright (C) 1988-2016 Free Software Foundation, Inc.
# License GPLv3+: GNU GPL version 3 or later <http://gnu.org/licenses/gpl.html>
# This is free software: you are free to change and redistribute it.
# There is NO WARRANTY, to the extent permitted by law.

# Make data base, printed on Tue Jun 14 10:56:22 2022

# Variables

# 'override' directive
GNUMAKEFLAGS := 
# automatic
<D = $(patsubst %/,%,$(dir $<))
# automatic
?F = $(notdir $?)
# environment
DESKTOP_SESSION = ubuntu
# default
.SHELLFLAGS := -c
# environment
XDG_SESSION_CLASS = user
# environment
 
SNAP_COMMON = /var/snap/code/common
# environment
XDG_SESSION_TYPE = x11
# environment
VSCODE_LOG_NATIVE = false
# automatic
?D = $(patsubst %/,%,$(dir $?))
# environment
IM_CONFIG_PHASE = 1
# automatic
@D = $(patsubst %/,%,$(dir $@))
# environment
XAUTHORITY = /run/user/1000/gdm/Xauthority
# environment
GDMSESSION = ubuntu
# environment
XMODIFIERS = @im=ibus
# makefile
CURDIR := /home/jake/code/emu
# makefile
SHELL = /bin/sh
# environment
SNAP_DATA = /var/snap/code/97
# environment
VSCODE_NLS_CONFIG = {"locale":"en-gb","availableLanguages":{},"_languagePackSupport":true}
# makefile (from 'makefile', line 5)
ZZ = z80asm
# environment
JOURNAL_STREAM = 9:61287
# makefile (from 'makefile', line 9)
CFLAGS = `sdl2-config --libs --cflags` -ggdb3 -O0 --std=c++11 -Wall -lSDL2_image -lm
# environment
XDG_CONFIG_DIRS = /etc/xdg/xdg-ubuntu:/etc/xdg
# environment
QSYS_ROOTDIR = /home/jake/intelFPGA_lite/17.0/quartus/sopc_builder/bin
# makefile (from 'makefile', line 11)
HDRS = 
# environment
SNAP_INSTANCE_NAME = code
# environment
SNAP_ARCH = amd64
# makefile (from 'makefile', line 1)
MAKEFILE_LIST :=  makefile
# automatic
@F = $(notdir $@)
# environment
GIO_LAUNCHED_DESKTOP_FILE = /var/lib/snapd/desktop/applications/code_code.desktop
# environment
USERNAME = jake
# environment
MANDATORY_PATH = /usr/share/gconf/ubuntu.mandatory.path
# makefile (from 'makefile', line 6)
ZFLAGS = -b -orom.bin rom/rom.z80
# environment
XDG_DATA_DIRS = /usr/share/ubuntu:/home/jake/.local/share/flatpak/exports/share:/var/lib/flatpak/exports/share:/usr/local/share/:/usr/share/:/var/lib/snapd/desktop
# environment
DBUS_SESSION_BUS_ADDRESS = unix:path=/run/user/1000/bus
# environment
VSCODE_VERBOSE_LOGGING = true
# environment
_ = /snap/code/97/usr/share/code/code
# makefile (from 'makefile', line 16)
OBJS = $(SRCS:.cpp=.o)
# environment
MANAGERPID = 3625
# environment
VSCODE_IPC_HOOK_EXTHOST = /run/user/1000/vscode-ipc-c6362efb-9ba9-4444-8312-cc5a8a86e75c.sock
# environment
VSCODE_CWD = /home/jake
# environment
GSETTINGS_SCHEMA_DIR = /snap/code/97/usr/share/glib-2.0/schemas
# default
MAKE_HOST := x86_64-pc-linux-gnu
# environment
PATH = /home/jake/bin:/usr/local/bin:/home/jake/.local/bin:/home/jake/.cargo/bin:/home/jake/.local/bin:/home/jake/bin:/usr/local/sbin:/usr/local/bin:/usr/sbin:/usr/bin:/sbin:/bin:/usr/games:/usr/local/games:/snap/bin:/home/jake/.dotnet/tools:/home/jake/z88dk/bin:/home/jake/.config/composer/vendor/bin
# environment
GPG_AGENT_INFO = /run/user/1000/gnupg/S.gpg-agent:0:1
# environment
LSCOLORS = Gxfxcxdxbxegedabagacad
# environment
SESSION_MANAGER = local/Biscuit:@/tmp/.ICE-unix/3863,unix/Biscuit:/tmp/.ICE-unix/3863
# environment
XDG_RUNTIME_DIR = /run/user/1000
# environment
GDK_PIXBUF_MODULE_FILE = /home/jake/snap/code/common/.cache/gdk-pixbuf-loaders.cache
# environment
SNAP = /snap/code/97
# environment
SNAP_VERSION = c3511e6c
# environment
XDG_MENU_PREFIX = gnome-
# environment
VSCODE_LOG_STACK = false
# environment
DISABLE_WAYLAND = 1
# environment
ELECTRON_RUN_AS_NODE = 1
# environment
INVOCATION_ID = 3e53b3a4b4634883a05275b92e23fe0f
# environment
GDK_PIXBUF_MODULEDIR = /snap/code/97/usr/lib/x86_64-linux-gnu/gdk-pixbuf-2.0/2.10.0/loaders
# default
.FEATURES := target-specific order-only second-expansion else-if shortest-stem undefine oneshell archives jobserver output-sync check-symlink load
# environment
ELECTRON_NO_ATTACH_CONSOLE = 1
# environment
LS_COLORS = 
# environment
XDG_SESSION_DESKTOP = ubuntu
# environment
SSH_AUTH_SOCK = /run/user/1000/keyring/ssh
# environment
GIO_LAUNCHED_DESKTOP_FILE_PID = 654838
# automatic
%F = $(notdir $%)
# environment
DISPLAY = :0
# environment
VSCODE_PIPE_LOGGING = true
# environment
SNAP_INSTANCE_KEY = 
# environment
PWD = /home/jake/code/emu
# default
.LOADED := 
# environment
SSH_AGENT_PID = 3825
# environment
ORIGINAL_XDG_CURRENT_DESKTOP = ubuntu:GNOME
# environment
GTK_MODULES = gail:atk-bridge
# environment
VSCODE_AMD_ENTRYPOINT = vs/workbench/api/node/extensionHostProcess
# environment
HOME = /home/jake
# environment
VSCODE_CLI = 1
# environment
VSCODE_CODE_CACHE_PATH = /home/jake/.config/Code/CachedData/c3511e6c69bb39013c4a4b7b9566ec1ca73fc4d5
# environment
LOGNAME = jake
 
# environment
APPLICATION_INSIGHTS_NO_DIAGNOSTIC_CHANNEL = true
# environment
SNAP_LIBRARY_PATH = /var/lib/snapd/lib/gl:/var/lib/snapd/lib/gl32:/var/lib/snapd/void
# environment
SNAP_CONTEXT = YmyLlxBsNWqVx8fHH9WjCq9jXPVVdTddpwnvnYdRjXQy
# environment
NVM_CD_FLAGS = -q
# environment
ZSH = /home/jake/.oh-my-zsh
# environment
SNAP_USER_COMMON = /home/jake/snap/code/common
# environment
VSCODE_HANDLES_UNCAUGHT_ERRORS = true
# environment
GNOME_DESKTOP_SESSION_ID = this-is-deprecated
# automatic
^D = $(patsubst %/,%,$(dir $^))
# environment
MAKELEVEL := 0
# environment
SNAP_REAL_HOME = /home/jake
# default
MAKE = $(MAKE_COMMAND)
# default
MAKECMDGOALS := all
# environment
QT_IM_MODULE = ibus
# makefile (from 'makefile', line 13)
SRCS = main.cpp
# environment
SNAP_USER_DATA = /home/jake/snap/code/97
# environment
SHLVL = 0
# makefile (from 'makefile', line 4)
CC = g++
# environment
GNOME_SHELL_SESSION_MODE = ubuntu
# makefile (from 'makefile', line 19)
EXEC = emu
# default
MAKE_VERSION := 4.2.1
# environment
USER = jake
# environment
SNAP_REVISION = 97
# makefile
.DEFAULT_GOAL := all
# environment
XDG_CURRENT_DESKTOP = Unity
# environment
LESS = -R
# automatic
%D = $(patsubst %/,%,$(dir $%))
# default
MAKE_COMMAND := make
# environment
OLDPWD = /home/jake
# default
.VARIABLES := 
# automatic
*F = $(notdir $*)
# environment
LANGUAGE = en_GB:en
# environment
VSCODE_IPC_HOOK = /run/user/1000/vscode-6986c22e-1.67.2-main.sock
# environment
BAMF_DESKTOP_FILE_HINT = /var/lib/snapd/desktop/applications/code_code.desktop
# makefile
MAKEFLAGS = pqrR
# environment
MFLAGS = -pqrR
# automatic
*D = $(patsubst %/,%,$(dir $*))
# environment
NVM_DIR = /home/jake/.nvm
# automatic
+D = $(patsubst %/,%,$(dir $+))
# environment
GDK_BACKEND = x11
# automatic
+F = $(notdir $+)
 
# environment
ZCCCFG = /home/jake/z88dk/lib/config
# environment
QT_ACCESSIBILITY = 1
# environment
DEFAULTS_PATH = /usr/share/gconf/ubuntu.default.path
# default
MAKEFILES := 
# environment
SNAP_COOKIE = YmyLlxBsNWqVx8fHH9WjCq9jXPVVdTddpwnvnYdRjXQy
# automatic
<F = $(notdir $<)
# environment
SNAP_NAME = code
# environment
EDITOR = vim
# environment
PAGER = less
# environment
LC_ALL = C
# environment
GJS_DEBUG_TOPICS = JS ERROR;JS LOG
# automatic
^F = $(notdir $^)
# default
SUFFIXES := 
# environment
SNAP_REEXEC = 
# environment
CHROME_DESKTOP = code-url-handler.desktop
# environment
WINDOWPATH = 2
# default
.INCLUDE_DIRS = /usr/include /usr/local/include /usr/include
# environment
GJS_DEBUG_OUTPUT = stderr
# default
.RECIPEPREFIX := 
# environment
LANG = C
# environment
VSCODE_PID = 654887
# variable set hash-table stats:
# Load=139/1024=14%, Rehash=0, Collisions=22/168=13%

# Pattern-specific Variable Values

# No pattern-specific variable values.

# Directories

# . (device 64769, inode 30843028): 11 files, no impossibilities.

# 11 files, no impossibilities in 1 directories.

 
# Implicit Rules

# No implicit rules.

# Files

all: emu
#  Phony target (prerequisite of .PHONY).
#  Command line target.
#  Implicit rule search has not been done.
#  File does not exist.
#  File has been updated.
#  Successfully updated.

.PHONY: all clean
#  Implicit rule search has not been done.
#  Modification time never checked.
#  File has not been updated.

# Not a target:
makefile:
#  Implicit rule search has been done.
#  Last modified 2022-06-14 10:56:10.096306708
#  File has been updated.
#  Successfully updated.

emu:
#  Implicit rule search has not been done.
#  Last modified 2022-06-14 10:56:13.952031824
#  File has been updated.
#  Successfully updated.
#  recipe to execute (from 'makefile', line 26):
	$(CC) -o $@ $(SRCS) $(CFLAGS)

# Not a target:
 
.DEFAULT:
#  Implicit rule search has not been done.
#  Modification time never checked.
#  File has not been updated.

clean:
#  Phony target (prerequisite of .PHONY).
#  Implicit rule search has not been done.
#  File does not exist.
#  File has not been updated.
#  recipe to execute (from 'makefile', line 34):
	rm -f $(EXEC) $(OBJS)
	rm -f rom.bin
	rm -f roms/*.o

main.o:
#  Implicit rule search has not been done.
#  Modification time never checked.
#  File has not been updated.
#  recipe to execute (from 'makefile', line 30):
	$(CC) -o $@ $(@:.o=.cpp) -c $(CFLAGS)

roms:
#  Implicit rule search has not been done.
#  Modification time never checked.
#  File has not been updated.
#  recipe to execute (from 'makefile', line 39):
	$(ZZ) $(ZFLAGS)

# files hash-table stats:
# Load=9/1024=1%, Rehash=0, Collisions=0/24=0%
# VPATH Search Paths

# No 'vpath' search paths.

# No general ('VPATH' variable) search path.

# strcache buffers: 1 (0) / strings = 20 / storage = 148 B / avg = 7 B
# current buf: size = 8162 B / used = 148 B / count = 20 / avg = 7 B

# strcache performance: lookups = 35 / hit rate = 42%
# hash-table stats:
# Load=20/8192=0%, Rehash=0, Collisions=1/35=3%
 
# Finished Make data base on Tue Jun 14 10:56:22 2022

 
